<?xml version="1.0" encoding="UTF-8"?>
<testsuites name="jest tests" tests="774" failures="0" errors="0" time="122.34">
  <testsuite name="Container: &lt;Header /&gt;" errors="0" failures="0" skipped="0" timestamp="2024-05-27T22:25:04" time="11.467" tests="6">
    <testcase classname="Container: &lt;Header /&gt; should render Header Desktop container" name="Container: &lt;Header /&gt; should render Header Desktop container" time="2.808">
    </testcase>
    <testcase classname="Container: &lt;Header /&gt; should render Header Mobile container" name="Container: &lt;Header /&gt; should render Header Mobile container" time="0.169">
    </testcase>
    <testcase classname="Container: &lt;Header /&gt; should render component Cycle in Header" name="Container: &lt;Header /&gt; should render component Cycle in Header" time="0.304">
    </testcase>
    <testcase classname="Container: &lt;Header /&gt; check the collapse of menu item" name="Container: &lt;Header /&gt; check the collapse of menu item" time="0.222">
    </testcase>
    <testcase classname="Container: &lt;Header /&gt; should after click in menu and show the dropdown" name="Container: &lt;Header /&gt; should after click in menu and show the dropdown" time="0.084">
    </testcase>
    <testcase classname="Container: &lt;Header /&gt; should click in button logout" name="Container: &lt;Header /&gt; should click in button logout" time="0.255">
    </testcase>
  </testsuite>
  <testsuite name="src/core/middlewares/effects" errors="0" failures="0" skipped="0" timestamp="2024-05-27T22:25:04" time="11.642" tests="15">
    <testcase classname="src/core/middlewares/effects Saga&apos;s integration rootEffects() BFF Action &quot;cartFetchRequest&quot; should fetch the cart and update the redux store in the request success" name="src/core/middlewares/effects Saga&apos;s integration rootEffects() BFF Action &quot;cartFetchRequest&quot; should fetch the cart and update the redux store in the request success" time="0.272">
    </testcase>
    <testcase classname="src/core/middlewares/effects Saga&apos;s integration rootEffects() BFF Action &quot;cartFetchRequest&quot; should fetch the cart and update the redux store when error any" name="src/core/middlewares/effects Saga&apos;s integration rootEffects() BFF Action &quot;cartFetchRequest&quot; should fetch the cart and update the redux store when error any" time="0.26">
    </testcase>
    <testcase classname="src/core/middlewares/effects Saga&apos;s integration rootEffects() BFF Action &quot;cartFetchRequest&quot; should show a notification when to get a cart error" name="src/core/middlewares/effects Saga&apos;s integration rootEffects() BFF Action &quot;cartFetchRequest&quot; should show a notification when to get a cart error" time="0.259">
    </testcase>
    <testcase classname="src/core/middlewares/effects Saga&apos;s integration rootEffects() BFF Action &quot;itemAddFetchRequest&quot; should add item the cart and update the redux store in the request success" name="src/core/middlewares/effects Saga&apos;s integration rootEffects() BFF Action &quot;itemAddFetchRequest&quot; should add item the cart and update the redux store in the request success" time="0.257">
    </testcase>
    <testcase classname="src/core/middlewares/effects Saga&apos;s integration rootEffects() BFF Action &quot;itemDeleteFetchRequest&quot; should delete item the cart and update the redux store in the request success" name="src/core/middlewares/effects Saga&apos;s integration rootEffects() BFF Action &quot;itemDeleteFetchRequest&quot; should delete item the cart and update the redux store in the request success" time="0.257">
    </testcase>
    <testcase classname="src/core/middlewares/effects Saga&apos;s integration rootEffects() BFF Action &quot;itemUpdateFetchRequest&quot; should update item the cart and update the redux store in the request success" name="src/core/middlewares/effects Saga&apos;s integration rootEffects() BFF Action &quot;itemUpdateFetchRequest&quot; should update item the cart and update the redux store in the request success" time="0.258">
    </testcase>
    <testcase classname="src/core/middlewares/effects Saga&apos;s integration rootEffects() BFF Action &quot;catalogFetchRequest&quot; should fetch the catalog and update the redux store in the request success" name="src/core/middlewares/effects Saga&apos;s integration rootEffects() BFF Action &quot;catalogFetchRequest&quot; should fetch the catalog and update the redux store in the request success" time="0.256">
    </testcase>
    <testcase classname="src/core/middlewares/effects Saga&apos;s integration rootEffects() BFF Action &quot;searchFetchRequest&quot; should fetch the search and update the redux store in the request success" name="src/core/middlewares/effects Saga&apos;s integration rootEffects() BFF Action &quot;searchFetchRequest&quot; should fetch the search and update the redux store in the request success" time="0.258">
    </testcase>
    <testcase classname="src/core/middlewares/effects Saga&apos;s integration rootEffects() BFF Action &quot;showcasesFetchRequest&quot; should fetch the showcases and update the redux store in the request success" name="src/core/middlewares/effects Saga&apos;s integration rootEffects() BFF Action &quot;showcasesFetchRequest&quot; should fetch the showcases and update the redux store in the request success" time="0.258">
    </testcase>
    <testcase classname="src/core/middlewares/effects Saga&apos;s integration rootEffects() BFF Action &quot;creditFetchRequest&quot; should fetch the user credit and update the redux store in the request success" name="src/core/middlewares/effects Saga&apos;s integration rootEffects() BFF Action &quot;creditFetchRequest&quot; should fetch the user credit and update the redux store in the request success" time="0.277">
    </testcase>
    <testcase classname="src/core/middlewares/effects Saga&apos;s integration rootEffects() BFF Action &quot;cyclesFetchRequest&quot; should fetch cycles and update the redux store in the request success" name="src/core/middlewares/effects Saga&apos;s integration rootEffects() BFF Action &quot;cyclesFetchRequest&quot; should fetch cycles and update the redux store in the request success" time="0.257">
    </testcase>
    <testcase classname="src/core/middlewares/effects Saga&apos;s integration rootEffects() BFF Action &quot;orderFetchRequest&quot; should fetch the order detail and update the redux store in the request success" name="src/core/middlewares/effects Saga&apos;s integration rootEffects() BFF Action &quot;orderFetchRequest&quot; should fetch the order detail and update the redux store in the request success" time="0.255">
    </testcase>
    <testcase classname="src/core/middlewares/effects Saga&apos;s integration rootEffects() BFF Action &quot;createOrderFetchRequest&quot; should create order and update the redux store in the request success" name="src/core/middlewares/effects Saga&apos;s integration rootEffects() BFF Action &quot;createOrderFetchRequest&quot; should create order and update the redux store in the request success" time="0.259">
    </testcase>
    <testcase classname="src/core/middlewares/effects Saga&apos;s integration rootEffects() BFF Action &quot;paymentMethodsFetch&quot; should send payment methods and update the redux store in the request success" name="src/core/middlewares/effects Saga&apos;s integration rootEffects() BFF Action &quot;paymentMethodsFetch&quot; should send payment methods and update the redux store in the request success" time="0.262">
    </testcase>
    <testcase classname="src/core/middlewares/effects Saga&apos;s integration rootEffects() BFF Action &quot;paymentMethodsFetch&quot; should finalize the request after an error and the status of the order should success" name="src/core/middlewares/effects Saga&apos;s integration rootEffects() BFF Action &quot;paymentMethodsFetch&quot; should finalize the request after an error and the status of the order should success" time="0.282">
    </testcase>
  </testsuite>
  <testsuite name="Component: &lt;ProductCard /&gt;" errors="0" failures="0" skipped="0" timestamp="2024-05-27T22:25:16" time="5.473" tests="5">
    <testcase classname="Component: &lt;ProductCard /&gt; should render a product card properly" name="Component: &lt;ProductCard /&gt; should render a product card properly" time="0.114">
    </testcase>
    <testcase classname="Component: &lt;ProductCard /&gt; should render Product Card Skeleton" name="Component: &lt;ProductCard /&gt; should render Product Card Skeleton" time="0.057">
    </testcase>
    <testcase classname="Component: &lt;ProductCard /&gt; should click on add product properly" name="Component: &lt;ProductCard /&gt; should click on add product properly" time="0.092">
    </testcase>
    <testcase classname="Component: &lt;ProductCard /&gt; should change quantity properly" name="Component: &lt;ProductCard /&gt; should change quantity properly" time="1.694">
    </testcase>
    <testcase classname="Component: &lt;ProductCard /&gt; should show Unavailable and send Buy Intention" name="Component: &lt;ProductCard /&gt; should show Unavailable and send Buy Intention" time="0.065">
    </testcase>
  </testsuite>
  <testsuite name="Container: &lt;ComboOptions /&gt;" errors="0" failures="0" skipped="0" timestamp="2024-05-27T22:25:16" time="6.479" tests="7">
    <testcase classname="Container: &lt;ComboOptions /&gt; should render skeleton on ComboOptions container" name="Container: &lt;ComboOptions /&gt; should render skeleton on ComboOptions container" time="0.274">
    </testcase>
    <testcase classname="Container: &lt;ComboOptions /&gt; should render combo data on ComboOptions container" name="Container: &lt;ComboOptions /&gt; should render combo data on ComboOptions container" time="0.533">
    </testcase>
    <testcase classname="Container: &lt;ComboOptions /&gt; should add combo on cart" name="Container: &lt;ComboOptions /&gt; should add combo on cart" time="0.262">
    </testcase>
    <testcase classname="Container: &lt;ComboOptions /&gt; should not add combo on cart" name="Container: &lt;ComboOptions /&gt; should not add combo on cart" time="0.06">
    </testcase>
    <testcase classname="Container: &lt;ComboOptions /&gt; should update combo in cart" name="Container: &lt;ComboOptions /&gt; should update combo in cart" time="0.697">
    </testcase>
    <testcase classname="Container: &lt;ComboOptions /&gt; should update combo item in cart" name="Container: &lt;ComboOptions /&gt; should update combo item in cart" time="0.359">
    </testcase>
    <testcase classname="Container: &lt;ComboOptions /&gt; should add combo after selecting shipping model" name="Container: &lt;ComboOptions /&gt; should add combo after selecting shipping model" time="0.05">
    </testcase>
  </testsuite>
  <testsuite name="core/utilities/request" errors="0" failures="0" skipped="0" timestamp="2024-05-27T22:25:04" time="19.791" tests="9">
    <testcase classname="core/utilities/request request() should execute a GET successfully" name="core/utilities/request request() should execute a GET successfully" time="0.022">
    </testcase>
    <testcase classname="core/utilities/request request() should execute a POST successfully with encoded body" name="core/utilities/request request() should execute a POST successfully with encoded body" time="0.008">
    </testcase>
    <testcase classname="core/utilities/request request() should execute a POST successfully with parsed JSON body" name="core/utilities/request request() should execute a POST successfully with parsed JSON body" time="0.005">
    </testcase>
    <testcase classname="core/utilities/request request() should accept GET and receive 206 and throw error" name="core/utilities/request request() should accept GET and receive 206 and throw error" time="12.031">
    </testcase>
    <testcase classname="core/utilities/request request() should reject for a bad request" name="core/utilities/request request() should reject for a bad request" time="0.007">
    </testcase>
    <testcase classname="core/utilities/request request() should reject for a server error" name="core/utilities/request request() should reject for a server error" time="0.004">
    </testcase>
    <testcase classname="core/utilities/request request() should fail without param" name="core/utilities/request request() should fail without param" time="0.01">
    </testcase>
    <testcase classname="core/utilities/request request() should fail without endpoint" name="core/utilities/request request() should fail without endpoint" time="0.006">
    </testcase>
    <testcase classname="core/utilities/request request() should fail without a valid content type" name="core/utilities/request request() should fail without a valid content type" time="0.002">
    </testcase>
  </testsuite>
  <testsuite name="Widgets: Gifts" errors="0" failures="0" skipped="0" timestamp="2024-05-27T22:25:04" time="20.059" tests="7">
    <testcase classname="Widgets: Gifts should render Gifts container" name="Widgets: Gifts should render Gifts container" time="0.672">
    </testcase>
    <testcase classname="Widgets: Gifts should render page header" name="Widgets: Gifts should render page header" time="0.239">
    </testcase>
    <testcase classname="Widgets: Gifts should render Gifts Header" name="Widgets: Gifts should render Gifts Header" time="0.202">
    </testcase>
    <testcase classname="Widgets: Gifts should render Gifts Content" name="Widgets: Gifts should render Gifts Content" time="1.161">
    </testcase>
    <testcase classname="Widgets: Gifts should add one gift from the first promotion" name="Widgets: Gifts should add one gift from the first promotion" time="0.683">
    </testcase>
    <testcase classname="Widgets: Gifts should add two gifts from the first promotion and remove one" name="Widgets: Gifts should add two gifts from the first promotion and remove one" time="2.839">
    </testcase>
    <testcase classname="Widgets: Gifts should add first gift from the first promotion and input the max value" name="Widgets: Gifts should add first gift from the first promotion and input the max value" time="4.06">
    </testcase>
  </testsuite>
  <testsuite name="Component: &lt;ProductCompact /&gt;" errors="0" failures="0" skipped="0" timestamp="2024-05-27T22:25:22" time="5.446" tests="5">
    <testcase classname="Component: &lt;ProductCompact /&gt; should render properly" name="Component: &lt;ProductCompact /&gt; should render properly" time="0.086">
    </testcase>
    <testcase classname="Component: &lt;ProductCompact /&gt; should render Product Compact Skeleton properly" name="Component: &lt;ProductCompact /&gt; should render Product Compact Skeleton properly" time="0.071">
    </testcase>
    <testcase classname="Component: &lt;ProductCompact /&gt; should click and add product" name="Component: &lt;ProductCompact /&gt; should click and add product" time="0.083">
    </testcase>
    <testcase classname="Component: &lt;ProductCompact /&gt; should show Unavailable without stock" name="Component: &lt;ProductCompact /&gt; should show Unavailable without stock" time="0.036">
    </testcase>
    <testcase classname="Component: &lt;ProductCompact /&gt; should show a product with quantity selector" name="Component: &lt;ProductCompact /&gt; should show a product with quantity selector" time="1.656">
    </testcase>
  </testsuite>
  <testsuite name="Page: PageCheckout" errors="0" failures="0" skipped="0" timestamp="2024-05-27T22:25:23" time="5.366" tests="1">
    <testcase classname="Page: PageCheckout should render script clear sale" name="Page: PageCheckout should render script clear sale" time="0.315">
    </testcase>
  </testsuite>
  <testsuite name="Checkout Container" errors="0" failures="0" skipped="2" timestamp="2024-05-27T22:25:25" time="3.889" tests="8">
    <testcase classname="Checkout Container should render checkout container without payment methods" name="Checkout Container should render checkout container without payment methods" time="0.313">
    </testcase>
    <testcase classname="Checkout Container should render checkout container with payment methods" name="Checkout Container should render checkout container with payment methods" time="0.103">
    </testcase>
    <testcase classname="Checkout Container should render checkout payment methods" name="Checkout Container should render checkout payment methods" time="0.058">
    </testcase>
    <testcase classname="Checkout Container should render checkout and redirect to home in case of cart can submit not true" name="Checkout Container should render checkout and redirect to home in case of cart can submit not true" time="0.036">
    </testcase>
    <testcase classname="Checkout Container should give error 400 while load cart" name="Checkout Container should give error 400 while load cart" time="0.064">
    </testcase>
    <testcase classname="Checkout Container should give error 500 while load cart" name="Checkout Container should give error 500 while load cart" time="0.063">
    </testcase>
    <testcase classname="Retry order should show a message concluding order" name="Retry order should show a message concluding order" time="0">
      <skipped/>
    </testcase>
    <testcase classname="Retry order should show a message concluding order with central payment choose" name="Retry order should show a message concluding order with central payment choose" time="0">
      <skipped/>
    </testcase>
  </testsuite>
  <testsuite name="Pages Mapper" errors="0" failures="0" skipped="0" timestamp="2024-05-27T22:25:24" time="6.1" tests="9">
    <testcase classname="Pages Mapper should render PageCheckout" name="Pages Mapper should render PageCheckout" time="0.713">
    </testcase>
    <testcase classname="Pages Mapper should render PageOrderSuccess" name="Pages Mapper should render PageOrderSuccess" time="0.046">
    </testcase>
    <testcase classname="Pages Mapper should render Loading" name="Pages Mapper should render Loading" time="0.038">
    </testcase>
    <testcase classname="Pages Mapper should render PageBuilder" name="Pages Mapper should render PageBuilder" time="0.058">
    </testcase>
    <testcase classname="Pages Mapper should render Error" name="Pages Mapper should render Error" time="0.018">
    </testcase>
    <testcase classname="Pages Mapper should render MfSelfService" name="Pages Mapper should render MfSelfService" time="0.014">
    </testcase>
    <testcase classname="Pages Mapper should render Logout" name="Pages Mapper should render Logout" time="0.019">
    </testcase>
    <testcase classname="Pages Mapper should render PageGifts" name="Pages Mapper should render PageGifts" time="0.709">
    </testcase>
    <testcase classname="Pages Mapper should render PageProductsByTag" name="Pages Mapper should render PageProductsByTag" time="0.037">
    </testcase>
  </testsuite>
  <testsuite name="Component: ClearsaleScript" errors="0" failures="0" skipped="0" timestamp="2024-05-27T22:25:28" time="3.693" tests="1">
    <testcase classname="Component: ClearsaleScript should render ClearsaleScript" name="Component: ClearsaleScript should render ClearsaleScript" time="0.068">
    </testcase>
  </testsuite>
  <testsuite name="Component: &lt;QuantitySelector /&gt;" errors="0" failures="0" skipped="0" timestamp="2024-05-27T22:25:29" time="4.514" tests="11">
    <testcase classname="Component: &lt;QuantitySelector /&gt; should render &lt;QuantitySelector /&gt; properly" name="Component: &lt;QuantitySelector /&gt; should render &lt;QuantitySelector /&gt; properly" time="0.133">
    </testcase>
    <testcase classname="Component: &lt;QuantitySelector /&gt; should trigger the callback function with debounce" name="Component: &lt;QuantitySelector /&gt; should trigger the callback function with debounce" time="1.61">
    </testcase>
    <testcase classname="Component: &lt;QuantitySelector /&gt; Click interactions should increment value when user clicks on increment button" name="Component: &lt;QuantitySelector /&gt; Click interactions should increment value when user clicks on increment button" time="0.033">
    </testcase>
    <testcase classname="Component: &lt;QuantitySelector /&gt; Click interactions should decrement value when user clicks on decrement button" name="Component: &lt;QuantitySelector /&gt; Click interactions should decrement value when user clicks on decrement button" time="0.072">
    </testcase>
    <testcase classname="Component: &lt;QuantitySelector /&gt; Click interactions should not allow to subtract below the minimum value when user clicks on decrement button" name="Component: &lt;QuantitySelector /&gt; Click interactions should not allow to subtract below the minimum value when user clicks on decrement button" time="0.031">
    </testcase>
    <testcase classname="Component: &lt;QuantitySelector /&gt; Click interactions should not allow to increment above the maximum value when user clicks on increment button" name="Component: &lt;QuantitySelector /&gt; Click interactions should not allow to increment above the maximum value when user clicks on increment button" time="0.023">
    </testcase>
    <testcase classname="Component: &lt;QuantitySelector /&gt; Input interactions should allow user to input a value" name="Component: &lt;QuantitySelector /&gt; Input interactions should allow user to input a value" time="0.059">
    </testcase>
    <testcase classname="Component: &lt;QuantitySelector /&gt; Input interactions should not allow user to input a value bigger than maximum value" name="Component: &lt;QuantitySelector /&gt; Input interactions should not allow user to input a value bigger than maximum value" time="0.061">
    </testcase>
    <testcase classname="Component: &lt;QuantitySelector /&gt; Input interactions should not allow user to input a value lesser than minimum value" name="Component: &lt;QuantitySelector /&gt; Input interactions should not allow user to input a value lesser than minimum value" time="0.056">
    </testcase>
    <testcase classname="Component: &lt;QuantitySelector /&gt; Input interactions should delete the item when the minus button is pressed" name="Component: &lt;QuantitySelector /&gt; Input interactions should delete the item when the minus button is pressed" time="0.017">
    </testcase>
    <testcase classname="Component: &lt;QuantitySelector /&gt; Input interactions should not increase the value when the isCombo props is true" name="Component: &lt;QuantitySelector /&gt; Input interactions should not increase the value when the isCombo props is true" time="0.018">
    </testcase>
  </testsuite>
  <testsuite name="Page: Loading" errors="0" failures="0" skipped="0" timestamp="2024-05-27T22:25:29" time="4.561" tests="16">
    <testcase classname="Page: Loading should render Loading page" name="Page: Loading should render Loading page" time="0.091">
    </testcase>
    <testcase classname="Page: Loading should render element loader in page" name="Page: Loading should render element loader in page" time="0.047">
    </testcase>
    <testcase classname="Page: Loading User can choose cycle and and user have not choose cycle yet should render a modal when user can choose cycle" name="Page: Loading User can choose cycle and and user have not choose cycle yet should render a modal when user can choose cycle" time="0.287">
    </testcase>
    <testcase classname="Page: Loading User can choose cycle and and user have not choose cycle yet User choose extended cycle should a confirmation message after user click in stay in extended cycle" name="Page: Loading User can choose cycle and and user have not choose cycle yet User choose extended cycle should a confirmation message after user click in stay in extended cycle" time="0.082">
    </testcase>
    <testcase classname="Page: Loading User can choose cycle and and user have not choose cycle yet User choose extended cycle should hide extended captation modal after user click in confirmation button" name="Page: Loading User can choose cycle and and user have not choose cycle yet User choose extended cycle should hide extended captation modal after user click in confirmation button" time="0.26">
    </testcase>
    <testcase classname="Page: Loading User can choose cycle and and user have not choose cycle yet User can choose cycle and choose new cycle should a confirmation message after user click in go to new cycle" name="Page: Loading User can choose cycle and and user have not choose cycle yet User can choose cycle and choose new cycle should a confirmation message after user click in go to new cycle" time="0.083">
    </testcase>
    <testcase classname="Page: Loading It has option to choose cycle, but user already have choose extended cycle should not render extended captation modal when user has option the choose cycle but he user already have choose extended cycle" name="Page: Loading It has option to choose cycle, but user already have choose extended cycle should not render extended captation modal when user has option the choose cycle but he user already have choose extended cycle" time="0.038">
    </testcase>
    <testcase classname="Page: Loading user only can buy in ER should render can buy only in extended cycle modal" name="Page: Loading user only can buy in ER should render can buy only in extended cycle modal" time="0.047">
    </testcase>
    <testcase classname="Page: Loading User is in extended captation but now user only can buy in ER should render can buy only in extended cycle modal" name="Page: Loading User is in extended captation but now user only can buy in ER should render can buy only in extended cycle modal" time="0.041">
    </testcase>
    <testcase classname="Page: Loading User does not have option to choose cycle should not render extended captation modal" name="Page: Loading User does not have option to choose cycle should not render extended captation modal" time="0.044">
    </testcase>
    <testcase classname="Page: Loading Show loading when cycles.status = running should render a loader when cycles.status = running" name="Page: Loading Show loading when cycles.status = running should render a loader when cycles.status = running" time="0.014">
    </testcase>
    <testcase classname="Page: Loading User is IR should render IR modal when user is IR" name="Page: Loading User is IR should render IR modal when user is IR" time="0.059">
    </testcase>
    <testcase classname="Page: Loading User is IR should not render IR modal when user is not IR" name="Page: Loading User is IR should not render IR modal when user is not IR" time="0.01">
    </testcase>
    <testcase classname="Page: Loading User is IR should render IR modal when user is IR and has extended captation" name="Page: Loading User is IR should render IR modal when user is IR and has extended captation" time="0.037">
    </testcase>
    <testcase classname="Page: Loading User is IR should render IR modal when user is IR and is not start enabled" name="Page: Loading User is IR should render IR modal when user is IR and is not start enabled" time="0.037">
    </testcase>
    <testcase classname="Page: Loading User is IR should not render IR modal when user is IR and is start enabled" name="Page: Loading User is IR should not render IR modal when user is IR and is start enabled" time="0.01">
    </testcase>
  </testsuite>
  <testsuite name="Container - Application Wrapper" errors="0" failures="0" skipped="0" timestamp="2024-05-27T22:25:32" time="3.902" tests="1">
    <testcase classname="Container - Application Wrapper should render ApplicationWrapper" name="Container - Application Wrapper should render ApplicationWrapper" time="0.351">
    </testcase>
  </testsuite>
  <testsuite name="Container: &lt;Cart /&gt;" errors="0" failures="0" skipped="0" timestamp="2024-05-27T22:25:31" time="5.067" tests="5">
    <testcase classname="Container: &lt;Cart /&gt; should render empty cart container" name="Container: &lt;Cart /&gt; should render empty cart container" time="0.149">
    </testcase>
    <testcase classname="Container: &lt;Cart /&gt; should render cart container with items" name="Container: &lt;Cart /&gt; should render cart container with items" time="0.327">
    </testcase>
    <testcase classname="Container: &lt;Cart /&gt; should try to delete first item and cancel" name="Container: &lt;Cart /&gt; should try to delete first item and cancel" time="0.8">
    </testcase>
    <testcase classname="Container: &lt;Cart /&gt; should try to delete first item" name="Container: &lt;Cart /&gt; should try to delete first item" time="0.36">
    </testcase>
    <testcase classname="Container: &lt;Cart /&gt; should redirect to checkout" name="Container: &lt;Cart /&gt; should redirect to checkout" time="0.091">
    </testcase>
  </testsuite>
  <testsuite name="ProductsShowcases" errors="0" failures="0" skipped="0" timestamp="2024-05-27T22:25:33" time="3.887" tests="1">
    <testcase classname="ProductsShowcases should render ProductsShowcases" name="ProductsShowcases should render ProductsShowcases" time="0.169">
    </testcase>
  </testsuite>
  <testsuite name="Widgets: &lt;Summary /&gt;" errors="0" failures="0" skipped="0" timestamp="2024-05-27T22:25:34" time="4.29" tests="6">
    <testcase classname="Widgets: &lt;Summary /&gt; should render &lt;SummaryLoader /&gt; properly" name="Widgets: &lt;Summary /&gt; should render &lt;SummaryLoader /&gt; properly" time="0.347">
    </testcase>
    <testcase classname="Widgets: &lt;Summary /&gt; should render &lt;CheckoutSkeleton /&gt; properly" name="Widgets: &lt;Summary /&gt; should render &lt;CheckoutSkeleton /&gt; properly" time="0.081">
    </testcase>
    <testcase classname="Widgets: &lt;Summary /&gt; should render &lt;Summary /&gt; properly" name="Widgets: &lt;Summary /&gt; should render &lt;Summary /&gt; properly" time="0.074">
    </testcase>
    <testcase classname="Widgets: &lt;Summary /&gt; should render &lt;Summary /&gt; container with 2 itens in points program" name="Widgets: &lt;Summary /&gt; should render &lt;Summary /&gt; container with 2 itens in points program" time="0.04">
    </testcase>
    <testcase classname="Widgets: &lt;Summary /&gt; should not render points program in &lt;Summary /&gt;" name="Widgets: &lt;Summary /&gt; should not render points program in &lt;Summary /&gt;" time="0.043">
    </testcase>
    <testcase classname="Widgets: &lt;Summary /&gt; should not render points program in &lt;Summary / without available items" name="Widgets: &lt;Summary /&gt; should not render points program in &lt;Summary / without available items" time="0.043">
    </testcase>
  </testsuite>
  <testsuite name="component: &lt;BuyOnlyER /&gt;" errors="0" failures="0" skipped="0" timestamp="2024-05-27T22:25:36" time="3.514" tests="5">
    <testcase classname="component: &lt;BuyOnlyER /&gt; should render a message that user only can buy in ER when cycles.status === &quot;&quot;" name="component: &lt;BuyOnlyER /&gt; should render a message that user only can buy in ER when cycles.status === &quot;&quot;" time="0.127">
    </testcase>
    <testcase classname="component: &lt;BuyOnlyER /&gt; should render a feedback message that user only can buy in ER when cycles.status !== &quot;&quot;" name="component: &lt;BuyOnlyER /&gt; should render a feedback message that user only can buy in ER when cycles.status !== &quot;&quot;" time="0.043">
    </testcase>
    <testcase classname="component: &lt;BuyOnlyER /&gt; should render a loader when cycles.status === running" name="component: &lt;BuyOnlyER /&gt; should render a loader when cycles.status === running" time="0.02">
    </testcase>
    <testcase classname="component: &lt;BuyOnlyER /&gt; should render mobile style when isMobile = true" name="component: &lt;BuyOnlyER /&gt; should render mobile style when isMobile = true" time="0.036">
    </testcase>
    <testcase classname="component: &lt;BuyOnlyER /&gt; should render desktop style when isMobile = false" name="component: &lt;BuyOnlyER /&gt; should render desktop style when isMobile = false" time="0.035">
    </testcase>
  </testsuite>
  <testsuite name="Page: PageProductsByTag" errors="0" failures="0" skipped="0" timestamp="2024-05-27T22:25:36" time="4.003" tests="3">
    <testcase classname="Page: PageProductsByTag should render PageProductsByTag page" name="Page: PageProductsByTag should render PageProductsByTag page" time="0.228">
    </testcase>
    <testcase classname="Page: PageProductsByTag should render PageProductsByTag page with the message of product not found" name="Page: PageProductsByTag should render PageProductsByTag page with the message of product not found" time="0.024">
    </testcase>
    <testcase classname="Page: PageProductsByTag should render PageProductsByTag page with a loading message" name="Page: PageProductsByTag should render PageProductsByTag page with a loading message" time="0.051">
    </testcase>
  </testsuite>
  <testsuite name="Container: &lt;ShippingModelProductNotFound /&gt;" errors="0" failures="0" skipped="0" timestamp="2024-05-27T22:25:38" time="3.825" tests="1">
    <testcase classname="Container: &lt;ShippingModelProductNotFound /&gt; should render container with combo code" name="Container: &lt;ShippingModelProductNotFound /&gt; should render container with combo code" time="0.17">
    </testcase>
  </testsuite>
  <testsuite name="Page: PageCategory" errors="0" failures="0" skipped="0" timestamp="2024-05-27T22:25:39" time="3.68" tests="1">
    <testcase classname="Page: PageCategory should render PageProductsByTag page" name="Page: PageCategory should render PageProductsByTag page" time="0.215">
    </testcase>
  </testsuite>
  <testsuite name="component: &lt;FeedbackMessage /&gt;" errors="0" failures="0" skipped="0" timestamp="2024-05-27T22:25:40" time="2.908" tests="6">
    <testcase classname="component: &lt;FeedbackMessage /&gt; should a success message when cycles.status === success" name="component: &lt;FeedbackMessage /&gt; should a success message when cycles.status === success" time="0.122">
    </testcase>
    <testcase classname="component: &lt;FeedbackMessage /&gt; should a success message when cycles.status === error" name="component: &lt;FeedbackMessage /&gt; should a success message when cycles.status === error" time="0.048">
    </testcase>
    <testcase classname="component: &lt;FeedbackMessage /&gt; should hide modal when user click in Entendi button in success message" name="component: &lt;FeedbackMessage /&gt; should hide modal when user click in Entendi button in success message" time="0.092">
    </testcase>
    <testcase classname="component: &lt;FeedbackMessage /&gt; should hide modal when user click in Entendi button in error message" name="component: &lt;FeedbackMessage /&gt; should hide modal when user click in Entendi button in error message" time="0.071">
    </testcase>
    <testcase classname="component: &lt;FeedbackMessage /&gt; should render mobile style when isMobile = true" name="component: &lt;FeedbackMessage /&gt; should render mobile style when isMobile = true" time="0.039">
    </testcase>
    <testcase classname="component: &lt;FeedbackMessage /&gt; should render desktop style when isMobile = true" name="component: &lt;FeedbackMessage /&gt; should render desktop style when isMobile = true" time="0.036">
    </testcase>
  </testsuite>
  <testsuite name="HeaderSearchResult" errors="0" failures="0" skipped="0" timestamp="2024-05-27T22:25:40" time="3.413" tests="3">
    <testcase classname="HeaderSearchResult should render HeaderSearchResult" name="HeaderSearchResult should render HeaderSearchResult" time="0.129">
    </testcase>
    <testcase classname="HeaderSearchResult should render a list of products when found products" name="HeaderSearchResult should render a list of products when found products" time="0.025">
    </testcase>
    <testcase classname="HeaderSearchResult should render a not found message when not found any products" name="HeaderSearchResult should render a not found message when not found any products" time="0.038">
    </testcase>
  </testsuite>
  <testsuite name="Slider component" errors="0" failures="0" skipped="0" timestamp="2024-05-27T22:25:42" time="3.168" tests="2">
    <testcase classname="Slider component should render Slider collection" name="Slider component should render Slider collection" time="0.116">
    </testcase>
    <testcase classname="Slider component should render Slider with filter content" name="Slider component should render Slider with filter content" time="0.03">
    </testcase>
  </testsuite>
  <testsuite name="Component: &lt;Cart /&gt;" errors="0" failures="0" skipped="0" timestamp="2024-05-27T22:25:43" time="3.421" tests="6">
    <testcase classname="Component: &lt;Cart /&gt; Within elements should render cart and its children properly" name="Component: &lt;Cart /&gt; Within elements should render cart and its children properly" time="0.319">
    </testcase>
    <testcase classname="Component: &lt;Cart /&gt; Within elements should render cart with quantity more than one" name="Component: &lt;Cart /&gt; Within elements should render cart with quantity more than one" time="0.04">
    </testcase>
    <testcase classname="Component: &lt;Cart /&gt; Within elements should render &lt;DeleteItem /&gt; properly" name="Component: &lt;Cart /&gt; Within elements should render &lt;DeleteItem /&gt; properly" time="0.04">
    </testcase>
    <testcase classname="Component: &lt;Cart /&gt; Within elements should render &lt;EmptyCart /&gt; properly" name="Component: &lt;Cart /&gt; Within elements should render &lt;EmptyCart /&gt; properly" time="0.026">
    </testcase>
    <testcase classname="Component: &lt;Cart /&gt; should trigger delete callback when user clicks on delete button" name="Component: &lt;Cart /&gt; should trigger delete callback when user clicks on delete button" time="0.092">
    </testcase>
    <testcase classname="Component: &lt;Cart /&gt; should notify user that order has been reached the minimun value" name="Component: &lt;Cart /&gt; should notify user that order has been reached the minimun value" time="0.018">
    </testcase>
  </testsuite>
  <testsuite name="Container: &lt;GuideCycleEud /&gt;" errors="0" failures="0" skipped="0" timestamp="2024-05-27T22:25:43" time="3.215" tests="2">
    <testcase classname="Container: &lt;GuideCycleEud /&gt; should render Eudora catalog" name="Container: &lt;GuideCycleEud /&gt; should render Eudora catalog" time="0.064">
    </testcase>
    <testcase classname="Container: &lt;GuideCycleBot /&gt; should render Boticario catalog" name="Container: &lt;GuideCycleBot /&gt; should render Boticario catalog" time="0.141">
    </testcase>
  </testsuite>
  <testsuite name="Container: &lt;ShippingModel /&gt;" errors="0" failures="0" skipped="0" timestamp="2024-05-27T22:25:44" time="3.667" tests="7">
    <testcase classname="Container: &lt;ShippingModel /&gt; should render ShippingModel with not available deliveries container" name="Container: &lt;ShippingModel /&gt; should render ShippingModel with not available deliveries container" time="0.086">
    </testcase>
    <testcase classname="Container: &lt;ShippingModel /&gt; should render itens on ShippingModel with available deliveries container" name="Container: &lt;ShippingModel /&gt; should render itens on ShippingModel with available deliveries container" time="0.118">
    </testcase>
    <testcase classname="Container: &lt;ShippingModel /&gt; should select default shipping model" name="Container: &lt;ShippingModel /&gt; should select default shipping model" time="0.134">
    </testcase>
    <testcase classname="Container: &lt;ShippingModel /&gt; should select default with new shipping model" name="Container: &lt;ShippingModel /&gt; should select default with new shipping model" time="0.02">
    </testcase>
    <testcase classname="Container: &lt;ShippingModel /&gt; should select default with new shipping model and reload showcases" name="Container: &lt;ShippingModel /&gt; should select default with new shipping model and reload showcases" time="0.012">
    </testcase>
    <testcase classname="Container: &lt;ShippingModel /&gt; should select default with new shipping model and reload selected showcase" name="Container: &lt;ShippingModel /&gt; should select default with new shipping model and reload selected showcase" time="0.01">
    </testcase>
    <testcase classname="Container: &lt;ShippingModel /&gt; should select default with new shipping model and reload selected product list" name="Container: &lt;ShippingModel /&gt; should select default with new shipping model and reload selected product list" time="0.01">
    </testcase>
  </testsuite>
  <testsuite name="Component: &lt;Summary /&gt;" errors="0" failures="0" skipped="0" timestamp="2024-05-27T22:25:45" time="3.033" tests="1">
    <testcase classname="Component: &lt;Summary /&gt; should render summary component properly" name="Component: &lt;Summary /&gt; should render summary component properly" time="0.068">
    </testcase>
  </testsuite>
  <testsuite name="Container: &lt;PickupStoreOptions /&gt;" errors="0" failures="0" skipped="0" timestamp="2024-05-27T22:25:47" time="2.678" tests="2">
    <testcase classname="Container: &lt;PickupStoreOptions /&gt; should render PickupStoreOptions" name="Container: &lt;PickupStoreOptions /&gt; should render PickupStoreOptions" time="0.016">
    </testcase>
    <testcase classname="Container: &lt;PickupStoreOptions /&gt; should selected a pickup store option" name="Container: &lt;PickupStoreOptions /&gt; should selected a pickup store option" time="0.033">
    </testcase>
  </testsuite>
  <testsuite name="Component: &lt;CycleControls /&gt;" errors="0" failures="0" skipped="0" timestamp="2024-05-27T22:25:47" time="2.694" tests="3">
    <testcase classname="Component: &lt;CycleControls /&gt; should render CycleControls properly" name="Component: &lt;CycleControls /&gt; should render CycleControls properly" time="0.044">
    </testcase>
    <testcase classname="Component: &lt;CycleControls /&gt; should go to the next cycle on arrow right click" name="Component: &lt;CycleControls /&gt; should go to the next cycle on arrow right click" time="0.019">
    </testcase>
    <testcase classname="Component: &lt;CycleControls /&gt; should go to the previous cycle on arrow left click" name="Component: &lt;CycleControls /&gt; should go to the previous cycle on arrow left click" time="0.012">
    </testcase>
  </testsuite>
  <testsuite name="ProductListCard" errors="0" failures="0" skipped="0" timestamp="2024-05-27T22:25:48" time="2.195" tests="8">
    <testcase classname="ProductListCard should render ProductListCard with custom combo" name="ProductListCard should render ProductListCard with custom combo" time="0.043">
    </testcase>
    <testcase classname="ProductListCard should render ProductListCard without custom combo" name="ProductListCard should render ProductListCard without custom combo" time="0.007">
    </testcase>
    <testcase classname="ProductListCard should render ProductListCard with unavailable card" name="ProductListCard should render ProductListCard with unavailable card" time="0.015">
    </testcase>
    <testcase classname="ProductListCard should render add button disabled when user is IR and is not auto start enabled" name="ProductListCard should render add button disabled when user is IR and is not auto start enabled" time="0.006">
    </testcase>
    <testcase classname="ProductListCard should render add button not disabled when user is IR and is auto start enabled" name="ProductListCard should render add button not disabled when user is IR and is auto start enabled" time="0.005">
    </testcase>
    <testcase classname="ProductListCard should render add button not disabled when user is not IR and is not auto start enabled" name="ProductListCard should render add button not disabled when user is not IR and is not auto start enabled" time="0.007">
    </testcase>
    <testcase classname="ProductListCard should render discount tag when discount &gt; 0" name="ProductListCard should render discount tag when discount &gt; 0" time="0.007">
    </testcase>
    <testcase classname="ProductListCard should not render discount tag when discount = 0" name="ProductListCard should not render discount tag when discount = 0" time="0.005">
    </testcase>
  </testsuite>
  <testsuite name="ProductsByTag" errors="0" failures="0" skipped="0" timestamp="2024-05-27T22:25:49" time="1.677" tests="3">
    <testcase classname="ProductsByTag should render ProductsByTag" name="ProductsByTag should render ProductsByTag" time="0.094">
    </testcase>
    <testcase classname="ProductsByTag should render ProductsByTag with skeleton component" name="ProductsByTag should render ProductsByTag with skeleton component" time="0.024">
    </testcase>
    <testcase classname="ProductsByTag should render ProductsByTag with ProductList component" name="ProductsByTag should render ProductsByTag with ProductList component" time="0.029">
    </testcase>
  </testsuite>
  <testsuite name="NavBarCollapse" errors="0" failures="0" skipped="0" timestamp="2024-05-27T22:25:50" time="1.825" tests="2">
    <testcase classname="NavBarCollapse should render the NavBarCollapse" name="NavBarCollapse should render the NavBarCollapse" time="0.025">
    </testcase>
    <testcase classname="NavBarCollapse should render the NavBarCollapse with menu" name="NavBarCollapse should render the NavBarCollapse with menu" time="0.042">
    </testcase>
  </testsuite>
  <testsuite name="ProductsCarousel" errors="0" failures="0" skipped="0" timestamp="2024-05-27T22:25:49" time="1.868" tests="2">
    <testcase classname="ProductsCarousel should render ProductsCarousel desktop" name="ProductsCarousel should render ProductsCarousel desktop" time="0.114">
    </testcase>
    <testcase classname="ProductsCarousel should render ProductsCarousel mobile" name="ProductsCarousel should render ProductsCarousel mobile" time="0.042">
    </testcase>
  </testsuite>
  <testsuite name="Order Confirmation Container" errors="0" failures="0" skipped="0" timestamp="2024-05-27T22:25:50" time="2.77" tests="2">
    <testcase classname="Order Confirmation Container should not render loading for cart" name="Order Confirmation Container should not render loading for cart" time="0.085">
    </testcase>
    <testcase classname="Order Confirmation Container should render page confirmation when any error in the request" name="Order Confirmation Container should render page confirmation when any error in the request" time="0.132">
    </testcase>
  </testsuite>
  <testsuite name="component: &lt;ExtendedCaptation /&gt;" errors="0" failures="0" skipped="0" timestamp="2024-05-27T22:25:50" time="3.339" tests="7">
    <testcase classname="component: &lt;ExtendedCaptation /&gt; should render buttons to choose cycle" name="component: &lt;ExtendedCaptation /&gt; should render buttons to choose cycle" time="0.518">
    </testcase>
    <testcase classname="component: &lt;ExtendedCaptation /&gt; should a confirmation message after click in go to new cycle" name="component: &lt;ExtendedCaptation /&gt; should a confirmation message after click in go to new cycle" time="0.071">
    </testcase>
    <testcase classname="component: &lt;ExtendedCaptation /&gt; should a confirmation message after click in stay in extended cycle" name="component: &lt;ExtendedCaptation /&gt; should a confirmation message after click in stay in extended cycle" time="0.057">
    </testcase>
    <testcase classname="component: &lt;ExtendedCaptation /&gt; should the buttons when user click in back to choose cycle - extended cycle" name="component: &lt;ExtendedCaptation /&gt; should the buttons when user click in back to choose cycle - extended cycle" time="0.104">
    </testcase>
    <testcase classname="component: &lt;ExtendedCaptation /&gt; should the buttons when user click in back to choose cycle - new cycle" name="component: &lt;ExtendedCaptation /&gt; should the buttons when user click in back to choose cycle - new cycle" time="0.067">
    </testcase>
    <testcase classname="component: &lt;ExtendedCaptation /&gt; should success message when cycles.status === success" name="component: &lt;ExtendedCaptation /&gt; should success message when cycles.status === success" time="0.017">
    </testcase>
    <testcase classname="component: &lt;ExtendedCaptation /&gt; should error message when cycles.status === success" name="component: &lt;ExtendedCaptation /&gt; should error message when cycles.status === success" time="0.016">
    </testcase>
  </testsuite>
  <testsuite name="Component: &lt;Card /&gt;" errors="0" failures="0" skipped="0" timestamp="2024-05-27T22:25:52" time="2.898" tests="2">
    <testcase classname="Component: &lt;Card /&gt; should render Card properly" name="Component: &lt;Card /&gt; should render Card properly" time="0.135">
    </testcase>
    <testcase classname="Component: &lt;Card /&gt; should render a card with header and a footer properly" name="Component: &lt;Card /&gt; should render a card with header and a footer properly" time="0.028">
    </testcase>
  </testsuite>
  <testsuite name="Component: VWOCodeSnippet" errors="0" failures="0" skipped="0" timestamp="2024-05-27T22:25:52" time="4.398" tests="2">
    <testcase classname="Component: VWOCodeSnippet should render VWO code snippet" name="Component: VWOCodeSnippet should render VWO code snippet" time="0.027">
    </testcase>
    <testcase classname="Component: VWOCodeSnippet should not render VWO code snippet" name="Component: VWOCodeSnippet should not render VWO code snippet" time="0.012">
    </testcase>
  </testsuite>
  <testsuite name="core/utilities/helpers" errors="0" failures="0" skipped="0" timestamp="2024-05-27T22:25:54" time="3.152" tests="3">
    <testcase classname="core/utilities/helpers getWhatsAppLink() should return desktop whatsapp link when the device parameter is null" name="core/utilities/helpers getWhatsAppLink() should return desktop whatsapp link when the device parameter is null" time="0.004">
    </testcase>
    <testcase classname="core/utilities/helpers getWhatsAppLink() should return whatsapp link when device is desktop" name="core/utilities/helpers getWhatsAppLink() should return whatsapp link when device is desktop" time="0.001">
    </testcase>
    <testcase classname="core/utilities/helpers getWhatsAppLink() should return whatsapp link when device is mobile" name="core/utilities/helpers getWhatsAppLink() should return whatsapp link when device is mobile" time="0.001">
    </testcase>
  </testsuite>
  <testsuite name="Page: Error" errors="0" failures="0" skipped="0" timestamp="2024-05-27T22:25:53" time="4.751" tests="1">
    <testcase classname="Page: Error should render Error page" name="Page: Error should render Error page" time="0.199">
    </testcase>
  </testsuite>
  <testsuite name="Logout" errors="0" failures="0" skipped="0" timestamp="2024-05-27T22:25:55" time="3.641" tests="1">
    <testcase classname="Logout should render Logout" name="Logout should render Logout" time="0.025">
    </testcase>
  </testsuite>
  <testsuite name="ProductList" errors="0" failures="0" skipped="0" timestamp="2024-05-27T22:25:56" time="2.961" tests="1">
    <testcase classname="ProductList should render ProductList" name="ProductList should render ProductList" time="0.04">
    </testcase>
  </testsuite>
  <testsuite name="Component: &lt;OrderSuccessTitle /&gt;" errors="0" failures="0" skipped="0" timestamp="2024-05-27T22:25:58" time="1.867" tests="1">
    <testcase classname="Component: &lt;OrderSuccessTitle /&gt; should render &lt;OrderSuccessTitle /&gt;" name="Component: &lt;OrderSuccessTitle /&gt; should render &lt;OrderSuccessTitle /&gt;" time="0.027">
    </testcase>
  </testsuite>
  <testsuite name="Component: &lt;Scrollbar /&gt;" errors="0" failures="0" skipped="0" timestamp="2024-05-27T22:25:58" time="1.932" tests="4">
    <testcase classname="Component: &lt;Scrollbar /&gt; should render properly" name="Component: &lt;Scrollbar /&gt; should render properly" time="0.031">
    </testcase>
    <testcase classname="Component: &lt;Scrollbar /&gt; should render with ref" name="Component: &lt;Scrollbar /&gt; should render with ref" time="0.008">
    </testcase>
    <testcase classname="Component: &lt;Scrollbar /&gt; should scroll properly" name="Component: &lt;Scrollbar /&gt; should scroll properly" time="0.01">
    </testcase>
    <testcase classname="Component: &lt;Scrollbar /&gt; Helpers: &lt;Scrollbar /&gt; should return percentage of the scroll position" name="Component: &lt;Scrollbar /&gt; Helpers: &lt;Scrollbar /&gt; should return percentage of the scroll position" time="0.002">
    </testcase>
  </testsuite>
  <testsuite name="&lt;ResaleIntention /&gt;" errors="0" failures="0" skipped="0" timestamp="2024-05-27T22:25:58" time="2.459" tests="2">
    <testcase classname="&lt;ResaleIntention /&gt; should render iR modal" name="&lt;ResaleIntention /&gt; should render iR modal" time="0.102">
    </testcase>
    <testcase classname="&lt;ResaleIntention /&gt; should not render modal when user click in Entendi button" name="&lt;ResaleIntention /&gt; should not render modal when user click in Entendi button" time="0.064">
    </testcase>
  </testsuite>
  <testsuite name="Component: &lt;Drawer&gt;" errors="0" failures="0" skipped="0" timestamp="2024-05-27T22:26:00" time="1.678" tests="7">
    <testcase classname="Component: &lt;Drawer&gt; should render &lt;Drawer /&gt; properly" name="Component: &lt;Drawer&gt; should render &lt;Drawer /&gt; properly" time="0.064">
    </testcase>
    <testcase classname="Component: &lt;Drawer&gt; should render &lt;Drawer /&gt; with default values" name="Component: &lt;Drawer&gt; should render &lt;Drawer /&gt; with default values" time="0.013">
    </testcase>
    <testcase classname="Component: &lt;Drawer&gt; should render only one &lt;Drawer /&gt; when both have the same ID" name="Component: &lt;Drawer&gt; should render only one &lt;Drawer /&gt; when both have the same ID" time="0.007">
    </testcase>
    <testcase classname="Component: &lt;Drawer&gt; should not render &lt;Drawer&gt; if it`s not open" name="Component: &lt;Drawer&gt; should not render &lt;Drawer&gt; if it`s not open" time="0.005">
    </testcase>
    <testcase classname="Component: &lt;Drawer&gt; should open &lt;Drawer&gt; when user click on button" name="Component: &lt;Drawer&gt; should open &lt;Drawer&gt; when user click on button" time="0.033">
    </testcase>
    <testcase classname="Component: &lt;Drawer&gt; should close &lt;Drawer&gt; when user press the Escape key" name="Component: &lt;Drawer&gt; should close &lt;Drawer&gt; when user press the Escape key" time="0.017">
    </testcase>
    <testcase classname="Component: &lt;Drawer&gt; should close &lt;Drawer&gt; when user click on &lt;Overlay /&gt; component" name="Component: &lt;Drawer&gt; should close &lt;Drawer&gt; when user click on &lt;Overlay /&gt; component" time="0.021">
    </testcase>
  </testsuite>
  <testsuite name="Component: &lt;Cycle /&gt;" errors="0" failures="0" skipped="0" timestamp="2024-05-27T22:26:00" time="2.084" tests="1">
    <testcase classname="Component: &lt;Cycle /&gt; should render Cycle properly" name="Component: &lt;Cycle /&gt; should render Cycle properly" time="0.036">
    </testcase>
  </testsuite>
  <testsuite name="Component: &lt;Breadcrumbs /&gt;" errors="0" failures="0" skipped="0" timestamp="2024-05-27T22:26:01" time="1.531" tests="4">
    <testcase classname="Component: &lt;Breadcrumbs /&gt; should render Breadcrumb properly" name="Component: &lt;Breadcrumbs /&gt; should render Breadcrumb properly" time="0.073">
    </testcase>
    <testcase classname="Component: &lt;Breadcrumbs /&gt; should render desktop Breadcrumb properly" name="Component: &lt;Breadcrumbs /&gt; should render desktop Breadcrumb properly" time="0.017">
    </testcase>
    <testcase classname="Component: &lt;Breadcrumbs /&gt; should show the desktop list when user clicks on the expand button" name="Component: &lt;Breadcrumbs /&gt; should show the desktop list when user clicks on the expand button" time="0.047">
    </testcase>
    <testcase classname="Component: &lt;Breadcrumbs /&gt; should render without tracks" name="Component: &lt;Breadcrumbs /&gt; should render without tracks" time="0.006">
    </testcase>
  </testsuite>
  <testsuite name="Component: &lt;ProductList /&gt;" errors="0" failures="0" skipped="0" timestamp="2024-05-27T22:26:00" time="2.145" tests="2">
    <testcase classname="Component: &lt;ProductList /&gt; should render a list of products properly" name="Component: &lt;ProductList /&gt; should render a list of products properly" time="0.124">
    </testcase>
    <testcase classname="Component: &lt;ProductList /&gt; should render Product List Skeleton properly" name="Component: &lt;ProductList /&gt; should render Product List Skeleton properly" time="0.051">
    </testcase>
  </testsuite>
  <testsuite name="Heading Helpers" errors="0" failures="0" skipped="0" timestamp="2024-05-27T22:26:02" time="1.836" tests="2">
    <testcase classname="Heading Helpers get-params return text only" name="Heading Helpers get-params return text only" time="0.022">
    </testcase>
    <testcase classname="Heading Helpers get-params return text with comboCode" name="Heading Helpers get-params return text with comboCode" time="0.003">
    </testcase>
  </testsuite>
  <testsuite name="Component: &lt;Combo /&gt;" errors="0" failures="0" skipped="0" timestamp="2024-05-27T22:26:02" time="1.844" tests="2">
    <testcase classname="Component: &lt;Combo /&gt; should render Combo in desktop mode" name="Component: &lt;Combo /&gt; should render Combo in desktop mode" time="0.234">
    </testcase>
    <testcase classname="Component: &lt;Combo /&gt; should render Combo in mobile mode" name="Component: &lt;Combo /&gt; should render Combo in mobile mode" time="0.055">
    </testcase>
  </testsuite>
  <testsuite name="Component: &lt;Search /&gt;" errors="0" failures="0" skipped="0" timestamp="2024-05-27T22:26:02" time="1.842" tests="5">
    <testcase classname="Component: &lt;Search /&gt; should render input search properly" name="Component: &lt;Search /&gt; should render input search properly" time="0.059">
    </testcase>
    <testcase classname="Component: &lt;Search /&gt; should trigger the `onClickSearch` callback" name="Component: &lt;Search /&gt; should trigger the `onClickSearch` callback" time="0.044">
    </testcase>
    <testcase classname="Component: &lt;Search /&gt; should clear input on click in button" name="Component: &lt;Search /&gt; should clear input on click in button" time="0.12">
    </testcase>
    <testcase classname="Component: &lt;Search /&gt; should trigger the `onClickClear` callback" name="Component: &lt;Search /&gt; should trigger the `onClickClear` callback" time="0.075">
    </testcase>
    <testcase classname="Component: &lt;Search /&gt; should render search and type in" name="Component: &lt;Search /&gt; should render search and type in" time="0.345">
    </testcase>
  </testsuite>
  <testsuite name="&lt;ComboButton /&gt;" errors="0" failures="0" skipped="0" timestamp="2024-05-27T22:26:03" time="1.972" tests="4">
    <testcase classname="&lt;ComboButton /&gt; should render button disabled when user is IR" name="&lt;ComboButton /&gt; should render button disabled when user is IR" time="0.146">
    </testcase>
    <testcase classname="&lt;ComboButton /&gt; should render button avaliable when user is not IR" name="&lt;ComboButton /&gt; should render button avaliable when user is not IR" time="0.008">
    </testcase>
    <testcase classname="&lt;ComboButton /&gt; should render button disabled when user is IR and is not auto start enabled" name="&lt;ComboButton /&gt; should render button disabled when user is IR and is not auto start enabled" time="0.006">
    </testcase>
    <testcase classname="&lt;ComboButton /&gt; should not render button disabled when user is IR and is auto start enabled" name="&lt;ComboButton /&gt; should not render button disabled when user is IR and is auto start enabled" time="0.007">
    </testcase>
  </testsuite>
  <testsuite name="Checkout Skeleton: &lt;CheckoutSkeleton /&gt;" errors="0" failures="0" skipped="0" timestamp="2024-05-27T22:26:04" time="1.326" tests="1">
    <testcase classname="Checkout Skeleton: &lt;CheckoutSkeleton /&gt; should render &lt;CheckoutSkeleton /&gt; checkout Skeleton" name="Checkout Skeleton: &lt;CheckoutSkeleton /&gt; should render &lt;CheckoutSkeleton /&gt; checkout Skeleton" time="0.077">
    </testcase>
  </testsuite>
  <testsuite name="Component: &lt;RadioGroup /&gt;" errors="0" failures="0" skipped="0" timestamp="2024-05-27T22:26:04" time="1.371" tests="2">
    <testcase classname="Component: &lt;RadioGroup /&gt; should render &lt;RadioGroup /&gt; component with three radio options" name="Component: &lt;RadioGroup /&gt; should render &lt;RadioGroup /&gt; component with three radio options" time="0.031">
    </testcase>
    <testcase classname="Component: &lt;RadioGroup /&gt; should call the method passed to RadioGroup onChange prop when a Radio is clicked" name="Component: &lt;RadioGroup /&gt; should call the method passed to RadioGroup onChange prop when a Radio is clicked" time="0.01">
    </testcase>
  </testsuite>
  <testsuite name="Component: &lt;Icon. /&gt;" errors="0" failures="0" skipped="0" timestamp="2024-05-27T22:26:04" time="1.313" tests="1">
    <testcase classname="Component: &lt;Icon. /&gt; should render Icon Component properly" name="Component: &lt;Icon. /&gt; should render Icon Component properly" time="0.036">
    </testcase>
  </testsuite>
  <testsuite name="Component: &lt;Generic /&gt;" errors="0" failures="0" skipped="0" timestamp="2024-05-27T22:26:06" time="2.312" tests="2">
    <testcase classname="Component: &lt;Generic /&gt; should render component properly" name="Component: &lt;Generic /&gt; should render component properly" time="0.049">
    </testcase>
    <testcase classname="Component: &lt;Generic /&gt; should render with a tip" name="Component: &lt;Generic /&gt; should render with a tip" time="0.019">
    </testcase>
  </testsuite>
  <testsuite name="Component: &lt;Carousel /&gt;" errors="0" failures="0" skipped="7" timestamp="2024-05-27T22:26:05" time="2.749" tests="17">
    <testcase classname="Component: &lt;Carousel /&gt; exhibition should render Carousel properly with dots and autoplay" name="Component: &lt;Carousel /&gt; exhibition should render Carousel properly with dots and autoplay" time="0.057">
    </testcase>
    <testcase classname="Component: &lt;Carousel /&gt; exhibition should render Carousel with 2 itens per page" name="Component: &lt;Carousel /&gt; exhibition should render Carousel with 2 itens per page" time="0.014">
    </testcase>
    <testcase classname="Component: &lt;Carousel /&gt; exhibition should render selectable desktop Carousel without an item selected" name="Component: &lt;Carousel /&gt; exhibition should render selectable desktop Carousel without an item selected" time="0.027">
    </testcase>
    <testcase classname="Component: &lt;Carousel /&gt; exhibition should render selectable Carousel with an invalid selected item" name="Component: &lt;Carousel /&gt; exhibition should render selectable Carousel with an invalid selected item" time="0.011">
    </testcase>
    <testcase classname="Component: &lt;Carousel /&gt; exhibition should render selectable Carousel with an valid selected item" name="Component: &lt;Carousel /&gt; exhibition should render selectable Carousel with an valid selected item" time="0.028">
    </testcase>
    <testcase classname="Component: &lt;Carousel /&gt; exhibition should render Carousel with 2 itens per page however with less itens" name="Component: &lt;Carousel /&gt; exhibition should render Carousel with 2 itens per page however with less itens" time="0.028">
    </testcase>
    <testcase classname="Component: &lt;Carousel /&gt; exhibition should render Carousel with slug control" name="Component: &lt;Carousel /&gt; exhibition should render Carousel with slug control" time="0.029">
    </testcase>
    <testcase classname="Component: &lt;Carousel /&gt; exhibition should render Carousel with matched slug control" name="Component: &lt;Carousel /&gt; exhibition should render Carousel with matched slug control" time="0.031">
    </testcase>
    <testcase classname="Component: &lt;Carousel /&gt; with autoplay navigation should made transition automatically between slides" name="Component: &lt;Carousel /&gt; with autoplay navigation should made transition automatically between slides" time="0.026">
    </testcase>
    <testcase classname="Component: &lt;Carousel /&gt; with autoplay navigation should made transition automatically from last to first slide" name="Component: &lt;Carousel /&gt; with autoplay navigation should made transition automatically from last to first slide" time="0.027">
    </testcase>
    <testcase classname="Component: &lt;Carousel /&gt; user interaction should made transition for the next slides" name="Component: &lt;Carousel /&gt; user interaction should made transition for the next slides" time="0">
      <skipped/>
    </testcase>
    <testcase classname="Component: &lt;Carousel /&gt; user interaction should made transition for the previous slides" name="Component: &lt;Carousel /&gt; user interaction should made transition for the previous slides" time="0">
      <skipped/>
    </testcase>
    <testcase classname="Component: &lt;Carousel /&gt; user interaction should made transition from the last to the first slide" name="Component: &lt;Carousel /&gt; user interaction should made transition from the last to the first slide" time="0">
      <skipped/>
    </testcase>
    <testcase classname="Component: &lt;Carousel /&gt; user interaction should made transition from the first to the last slide" name="Component: &lt;Carousel /&gt; user interaction should made transition from the first to the last slide" time="0">
      <skipped/>
    </testcase>
    <testcase classname="Component: &lt;Carousel /&gt; user interaction should change slide by event click in dots" name="Component: &lt;Carousel /&gt; user interaction should change slide by event click in dots" time="0">
      <skipped/>
    </testcase>
    <testcase classname="Component: &lt;Carousel /&gt; user interaction should click the item and mark as selected" name="Component: &lt;Carousel /&gt; user interaction should click the item and mark as selected" time="0">
      <skipped/>
    </testcase>
    <testcase classname="Component: &lt;Carousel /&gt; user interaction should click the selected item and unmark as selected" name="Component: &lt;Carousel /&gt; user interaction should click the selected item and unmark as selected" time="0">
      <skipped/>
    </testcase>
  </testsuite>
  <testsuite name="Page: PageBuilder" errors="0" failures="0" skipped="0" timestamp="2024-05-27T22:26:05" time="3.205" tests="1">
    <testcase classname="Page: PageBuilder should render PageBuilder page" name="Page: PageBuilder should render PageBuilder page" time="0.073">
    </testcase>
  </testsuite>
  <testsuite name="Sections: &lt;Footer /&gt;" errors="0" failures="0" skipped="0" timestamp="2024-05-27T22:26:05" time="2.977" tests="1">
    <testcase classname="Sections: &lt;Footer /&gt; should render the Footer" name="Sections: &lt;Footer /&gt; should render the Footer" time="0.057">
    </testcase>
  </testsuite>
  <testsuite name="Component: &lt;Container /&gt;" errors="0" failures="0" skipped="0" timestamp="2024-05-27T22:26:08" time="1.348" tests="1">
    <testcase classname="Component: &lt;Container /&gt; should render &lt;Container /&gt; with default margin-bottom and margin-top" name="Component: &lt;Container /&gt; should render &lt;Container /&gt; with default margin-bottom and margin-top" time="0.035">
    </testcase>
  </testsuite>
  <testsuite name="Component: &lt;Skeleton /&gt;" errors="0" failures="0" skipped="0" timestamp="2024-05-27T22:26:08" time="2.262" tests="2">
    <testcase classname="Component: &lt;Skeleton /&gt; should render component" name="Component: &lt;Skeleton /&gt; should render component" time="0.025">
    </testcase>
    <testcase classname="Component: &lt;Skeleton /&gt; should show content data after loading" name="Component: &lt;Skeleton /&gt; should show content data after loading" time="1.017">
    </testcase>
  </testsuite>
  <testsuite name="Container: &lt;Cycle /&gt;" errors="0" failures="0" skipped="0" timestamp="2024-05-27T22:26:08" time="2.151" tests="3">
    <testcase classname="Container: &lt;Cycle /&gt; should render Cycle component" name="Container: &lt;Cycle /&gt; should render Cycle component" time="0.046">
    </testcase>
    <testcase classname="Container: &lt;Cycle /&gt; should render VDFCycle component" name="Container: &lt;Cycle /&gt; should render VDFCycle component" time="0.015">
    </testcase>
    <testcase classname="Container: &lt;Cycle /&gt; should render Cycle Skeleton component" name="Container: &lt;Cycle /&gt; should render Cycle Skeleton component" time="0.007">
    </testcase>
  </testsuite>
  <testsuite name="Shipping Model Options" errors="0" failures="0" skipped="0" timestamp="2024-05-27T22:26:09" time="1.972" tests="2">
    <testcase classname="Shipping Model Options should render itens on Shipping Model Options with no available deliveries container" name="Shipping Model Options should render itens on Shipping Model Options with no available deliveries container" time="0.138">
    </testcase>
    <testcase classname="Shipping Model Options should render itens on Shipping Model Options with available deliveries container" name="Shipping Model Options should render itens on Shipping Model Options with available deliveries container" time="0.052">
    </testcase>
  </testsuite>
  <testsuite name="Sections: &lt;Logo /&gt;" errors="0" failures="0" skipped="0" timestamp="2024-05-27T22:26:10" time="2.224" tests="2">
    <testcase classname="Sections: &lt;Logo /&gt; should render the Logo Boticario" name="Sections: &lt;Logo /&gt; should render the Logo Boticario" time="0.02">
    </testcase>
    <testcase classname="Sections: &lt;Logo /&gt; should render the Logo with a base in the cookie info" name="Sections: &lt;Logo /&gt; should render the Logo with a base in the cookie info" time="0.009">
    </testcase>
  </testsuite>
  <testsuite name="core/utilities/i10n" errors="0" failures="0" skipped="0" timestamp="2024-05-27T22:26:11" time="1.518" tests="3">
    <testcase classname="core/utilities/i10n getLocale() should get pt as a locale when the code &quot;portuguese&quot; is provided" name="core/utilities/i10n getLocale() should get pt as a locale when the code &quot;portuguese&quot; is provided" time="0.002">
    </testcase>
    <testcase classname="core/utilities/i10n getLocale() should get pt as a locale when the code &quot;english&quot; is provided" name="core/utilities/i10n getLocale() should get pt as a locale when the code &quot;english&quot; is provided" time="0.001">
    </testcase>
    <testcase classname="core/utilities/i10n getLocale() should get pt as a locale when the language &quot;spanish&quot; is provided" name="core/utilities/i10n getLocale() should get pt as a locale when the language &quot;spanish&quot; is provided" time="0">
    </testcase>
  </testsuite>
  <testsuite name="core/utilities/helpers" errors="0" failures="0" skipped="0" timestamp="2024-05-27T22:26:11" time="1.128" tests="2">
    <testcase classname="core/utilities/helpers keyMirror() should return mirrored keys properly" name="core/utilities/helpers keyMirror() should return mirrored keys properly" time="0.003">
    </testcase>
    <testcase classname="core/utilities/helpers keyMirror() should throw for bad inputs" name="core/utilities/helpers keyMirror() should throw for bad inputs" time="0.013">
    </testcase>
  </testsuite>
  <testsuite name="Component: &lt;HeaderCheckout /&gt;" errors="0" failures="0" skipped="0" timestamp="2024-05-27T22:26:11" time="1.626" tests="2">
    <testcase classname="Component: &lt;HeaderCheckout /&gt; should render component properly" name="Component: &lt;HeaderCheckout /&gt; should render component properly" time="0.081">
    </testcase>
    <testcase classname="Component: &lt;HeaderCheckout /&gt; should click on steps" name="Component: &lt;HeaderCheckout /&gt; should click on steps" time="0.083">
    </testcase>
  </testsuite>
  <testsuite name="src/core/middlewares/tracking" errors="0" failures="0" skipped="0" timestamp="2024-05-27T22:26:12" time="1.297" tests="21">
    <testcase classname="src/core/middlewares/tracking Google Tag Manager Events Dimensions should return an object with dimension5" name="src/core/middlewares/tracking Google Tag Manager Events Dimensions should return an object with dimension5" time="0.005">
    </testcase>
    <testcase classname="src/core/middlewares/tracking Google Tag Manager Events Action tracking event should call tracking for Buy Intention request" name="src/core/middlewares/tracking Google Tag Manager Events Action tracking event should call tracking for Buy Intention request" time="0.001">
    </testcase>
    <testcase classname="src/core/middlewares/tracking Google Tag Manager Events Enhanced Ecommerce should call enhanced ecommerce for Product Impression" name="src/core/middlewares/tracking Google Tag Manager Events Enhanced Ecommerce should call enhanced ecommerce for Product Impression" time="0.002">
    </testcase>
    <testcase classname="src/core/middlewares/tracking Google Tag Manager Events Enhanced Ecommerce should call enhanced ecommerce for Add To Cart when dispatch &quot;itemAddFetchRequest&quot;" name="src/core/middlewares/tracking Google Tag Manager Events Enhanced Ecommerce should call enhanced ecommerce for Add To Cart when dispatch &quot;itemAddFetchRequest&quot;" time="0">
    </testcase>
    <testcase classname="src/core/middlewares/tracking Google Tag Manager Events Enhanced Ecommerce should call enhanced ecommerce for Add To Cart when dispatch &quot;itemUpdateFetchRequest&quot;" name="src/core/middlewares/tracking Google Tag Manager Events Enhanced Ecommerce should call enhanced ecommerce for Add To Cart when dispatch &quot;itemUpdateFetchRequest&quot;" time="0.001">
    </testcase>
    <testcase classname="src/core/middlewares/tracking Google Tag Manager Events Enhanced Ecommerce should call enhanced ecommerce for Add Points Programs To Cart when dispatch &quot;campaignItemAddFetchRequest&quot;" name="src/core/middlewares/tracking Google Tag Manager Events Enhanced Ecommerce should call enhanced ecommerce for Add Points Programs To Cart when dispatch &quot;campaignItemAddFetchRequest&quot;" time="0">
    </testcase>
    <testcase classname="src/core/middlewares/tracking Google Tag Manager Events Enhanced Ecommerce should call enhanced ecommerce for &quot;removeFromCart&quot;" name="src/core/middlewares/tracking Google Tag Manager Events Enhanced Ecommerce should call enhanced ecommerce for &quot;removeFromCart&quot;" time="0.001">
    </testcase>
    <testcase classname="src/core/middlewares/tracking Google Tag Manager Events Enhanced Ecommerce should call enhanced ecommerce for &quot;removeFromCartPointsPrograms&quot;" name="src/core/middlewares/tracking Google Tag Manager Events Enhanced Ecommerce should call enhanced ecommerce for &quot;removeFromCartPointsPrograms&quot;" time="0">
    </testcase>
    <testcase classname="src/core/middlewares/tracking Google Tag Manager Events Enhanced Ecommerce should call enhanced ecommerce for Checkout option" name="src/core/middlewares/tracking Google Tag Manager Events Enhanced Ecommerce should call enhanced ecommerce for Checkout option" time="0.001">
    </testcase>
    <testcase classname="src/core/middlewares/tracking Google Tag Manager Events Enhanced Ecommerce should call enhanced ecommerce for Checkout properly" name="src/core/middlewares/tracking Google Tag Manager Events Enhanced Ecommerce should call enhanced ecommerce for Checkout properly" time="0.001">
    </testcase>
    <testcase classname="src/core/middlewares/tracking Google Tag Manager Events Enhanced Ecommerce should call enhanced ecommerce for Purchase properly" name="src/core/middlewares/tracking Google Tag Manager Events Enhanced Ecommerce should call enhanced ecommerce for Purchase properly" time="0.001">
    </testcase>
    <testcase classname="src/core/middlewares/tracking Google Tag Manager Events Enhanced Ecommerce should call click tracking properly" name="src/core/middlewares/tracking Google Tag Manager Events Enhanced Ecommerce should call click tracking properly" time="0">
    </testcase>
    <testcase classname="src/core/middlewares/tracking Google Tag Manager Events Enhanced Ecommerce should call promotionClick tracking properly" name="src/core/middlewares/tracking Google Tag Manager Events Enhanced Ecommerce should call promotionClick tracking properly" time="0.001">
    </testcase>
    <testcase classname="src/core/middlewares/tracking Google Tag Manager Events Enhanced Ecommerce should call error tracking properly" name="src/core/middlewares/tracking Google Tag Manager Events Enhanced Ecommerce should call error tracking properly" time="0">
    </testcase>
    <testcase classname="src/core/middlewares/tracking Google Tag Manager Events Enhanced Ecommerce should call interaction tracking event for search success" name="src/core/middlewares/tracking Google Tag Manager Events Enhanced Ecommerce should call interaction tracking event for search success" time="0.001">
    </testcase>
    <testcase classname="src/core/middlewares/tracking Google Tag Manager Events Enhanced Ecommerce should call interaction tracking event for search failure" name="src/core/middlewares/tracking Google Tag Manager Events Enhanced Ecommerce should call interaction tracking event for search failure" time="0">
    </testcase>
    <testcase classname="src/core/middlewares/tracking Google Tag Manager Events Enhanced Ecommerce should not call interaction tracking event for search when action catalog dispath and isSearchSubmit is false" name="src/core/middlewares/tracking Google Tag Manager Events Enhanced Ecommerce should not call interaction tracking event for search when action catalog dispath and isSearchSubmit is false" time="0.001">
    </testcase>
    <testcase classname="src/core/middlewares/tracking Google Tag Manager Events Enhanced Ecommerce should not call interaction tracking event for search when isSearchSubmit is true" name="src/core/middlewares/tracking Google Tag Manager Events Enhanced Ecommerce should not call interaction tracking event for search when isSearchSubmit is true" time="0">
    </testcase>
    <testcase classname="src/core/middlewares/tracking Google Tag Manager Events Enhanced Ecommerce should not call interaction tracking event for search when isRunning is true" name="src/core/middlewares/tracking Google Tag Manager Events Enhanced Ecommerce should not call interaction tracking event for search when isRunning is true" time="0">
    </testcase>
    <testcase classname="src/core/middlewares/tracking Google Tag Manager Events PointsProgram should call enhanced ecommerce for Add Points Programs To Cart when dispatch &quot;campaignItemAddFetchRequest&quot;" name="src/core/middlewares/tracking Google Tag Manager Events PointsProgram should call enhanced ecommerce for Add Points Programs To Cart when dispatch &quot;campaignItemAddFetchRequest&quot;" time="0.001">
    </testcase>
    <testcase classname="src/core/middlewares/tracking Google Tag Manager Events PointsProgram should call enhanced ecommerce for &quot;removeFromCartPointsPrograms&quot;" name="src/core/middlewares/tracking Google Tag Manager Events PointsProgram should call enhanced ecommerce for &quot;removeFromCartPointsPrograms&quot;" time="0">
    </testcase>
  </testsuite>
[...]
    </testcase>
    <testcase classname="core/utilities/dom getScreenSize() should get the screen size breakpoint when window width is bigger than 1280px" name="core/utilities/dom getScreenSize() should get the screen size breakpoint when window width is bigger than 1280px" time="0.004">
    </testcase>
    <testcase classname="core/utilities/dom getScreenSize() should get the screen size breakpoint when window width is bigger than 1024px" name="core/utilities/dom getScreenSize() should get the screen size breakpoint when window width is bigger than 1024px" time="0">
    </testcase>
    <testcase classname="core/utilities/dom getScreenSize() should get the screen size breakpoint when window width is bigger than 880px" name="core/utilities/dom getScreenSize() should get the screen size breakpoint when window width is bigger than 880px" time="0">
    </testcase>
    <testcase classname="core/utilities/dom getScreenSize() should get the screen size breakpoint when window width is bigger than 768px" name="core/utilities/dom getScreenSize() should get the screen size breakpoint when window width is bigger than 768px" time="0.001">
    </testcase>
    <testcase classname="core/utilities/dom getScreenSize() should get the screen size breakpoint when window width is bigger than 480px" name="core/utilities/dom getScreenSize() should get the screen size breakpoint when window width is bigger than 480px" time="0">
    </testcase>
    <testcase classname="core/utilities/dom getScreenSize() should get the screen size breakpoint when window width is bigger than 400px" name="core/utilities/dom getScreenSize() should get the screen size breakpoint when window width is bigger than 400px" time="0">
    </testcase>
    <testcase classname="core/utilities/dom getScreenSize() should get the screen size breakpoint when window width is bigger than 360px" name="core/utilities/dom getScreenSize() should get the screen size breakpoint when window width is bigger than 360px" time="0">
    </testcase>
  </testsuite>
  <testsuite name="core/utilities/strings" errors="0" failures="0" skipped="0" timestamp="2024-05-27T22:26:56" time="2.596" tests="2">
    <testcase classname="core/utilities/strings removeEmptyTags() should remove empty tags from an html string" name="core/utilities/strings removeEmptyTags() should remove empty tags from an html string" time="0.002">
    </testcase>
    <testcase classname="core/utilities/strings removeEmptyTags() should return an empty string when no input is provided" name="core/utilities/strings removeEmptyTags() should return an empty string when no input is provided" time="0.001">
    </testcase>
  </testsuite>
  <testsuite name="useRouter" errors="0" failures="0" skipped="0" timestamp="2024-05-27T22:26:56" time="2.575" tests="4">
    <testcase classname="useRouter useRouterLocation() should extract router location" name="useRouter useRouterLocation() should extract router location" time="0.015">
    </testcase>
    <testcase classname="useRouter useRouterState() should extract location state" name="useRouter useRouterState() should extract location state" time="0.005">
    </testcase>
    <testcase classname="useRouter useRouterState() should remove category from the dynamic title when user remove selection" name="useRouter useRouterState() should remove category from the dynamic title when user remove selection" time="0.005">
    </testcase>
    <testcase classname="useRouter helpers formatQueryTitle() should not show the dynamic title when state is undefined" name="useRouter helpers formatQueryTitle() should not show the dynamic title when state is undefined" time="0">
    </testcase>
  </testsuite>
  <testsuite name="core/use-cases/search/hooks" errors="0" failures="0" skipped="0" timestamp="2024-05-27T22:26:56" time="2.326" tests="2">
    <testcase classname="core/use-cases/search/hooks useSearch() should extract data initial from the store state, for search context" name="core/use-cases/search/hooks useSearch() should extract data initial from the store state, for search context" time="0.025">
    </testcase>
    <testcase classname="core/use-cases/search/hooks useSearch() should extract data from the store state updated after fetching search" name="core/use-cases/search/hooks useSearch() should extract data from the store state updated after fetching search" time="0.003">
    </testcase>
  </testsuite>
  <testsuite name="Component: &lt;Logo /&gt;" errors="0" failures="0" skipped="0" timestamp="2024-05-27T22:26:58" time="1.154" tests="4">
    <testcase classname="Component: &lt;Logo /&gt; should render Logo with default properties" name="Component: &lt;Logo /&gt; should render Logo with default properties" time="0.031">
    </testcase>
    <testcase classname="Component: &lt;Logo /&gt; should render Logo with secondary color" name="Component: &lt;Logo /&gt; should render Logo with secondary color" time="0.005">
    </testcase>
    <testcase classname="Component: &lt;Logo /&gt; should render Logo with tertiary color" name="Component: &lt;Logo /&gt; should render Logo with tertiary color" time="0.004">
    </testcase>
    <testcase classname="Component: &lt;Logo /&gt; should render Logo short properly" name="Component: &lt;Logo /&gt; should render Logo short properly" time="0.004">
    </testcase>
  </testsuite>
  <testsuite name="core/middlewares/effects/bff/helpers" errors="0" failures="0" skipped="0" timestamp="2024-05-27T22:26:58" time="1.132" tests="1">
    <testcase classname="core/middlewares/effects/bff/helpers resourceResolver() should throw when is not a valid request action type" name="core/middlewares/effects/bff/helpers resourceResolver() should throw when is not a valid request action type" time="0.004">
    </testcase>
  </testsuite>
  <testsuite name="getRequestURL" errors="0" failures="0" skipped="0" timestamp="2024-05-27T22:26:58" time="1.159" tests="3">
    <testcase classname="getRequestURL should return url when called with a string endpoint with slash" name="getRequestURL should return url when called with a string endpoint with slash" time="0.003">
    </testcase>
    <testcase classname="getRequestURL should return url when called with a string endpoint without slash" name="getRequestURL should return url when called with a string endpoint without slash" time="0">
    </testcase>
    <testcase classname="getRequestURL should return url when called with a function endpoint and options" name="getRequestURL should return url when called with a function endpoint and options" time="0.001">
    </testcase>
  </testsuite>
  <testsuite name="core/utilities/strings" errors="0" failures="0" skipped="0" timestamp="2024-05-27T22:26:59" time="1.306" tests="4">
    <testcase classname="core/utilities/strings pad() pad(5, 2) should be &apos;05&apos;" name="core/utilities/strings pad() pad(5, 2) should be &apos;05&apos;" time="0.001">
    </testcase>
    <testcase classname="core/utilities/strings pad() pad(7, 3) should be &apos;007&apos;" name="core/utilities/strings pad() pad(7, 3) should be &apos;007&apos;" time="0">
    </testcase>
    <testcase classname="core/utilities/strings pad() pad(1, 5) should be &apos;00001&apos;" name="core/utilities/strings pad() pad(1, 5) should be &apos;00001&apos;" time="0.001">
    </testcase>
    <testcase classname="core/utilities/strings pad() should complete a number with one zero when no length is provided" name="core/utilities/strings pad() should complete a number with one zero when no length is provided" time="0">
    </testcase>
  </testsuite>
  <testsuite name="core/utilities/helpers" errors="0" failures="0" skipped="0" timestamp="2024-05-27T22:27:00" time="1.259" tests="2">
    <testcase classname="core/utilities/helpers clearNumber() should clean up a string leaving only numbers" name="core/utilities/helpers clearNumber() should clean up a string leaving only numbers" time="0.001">
    </testcase>
    <testcase classname="core/utilities/helpers clearNumber() should return an empty string when no input is provided" name="core/utilities/helpers clearNumber() should return an empty string when no input is provided" time="0">
    </testcase>
  </testsuite>
  <testsuite name="core/utilities/strings" errors="0" failures="0" skipped="0" timestamp="2024-05-27T22:27:00" time="1.232" tests="2">
    <testcase classname="core/utilities/strings removeWhitespace() should remove extra whitespace from string" name="core/utilities/strings removeWhitespace() should remove extra whitespace from string" time="0.002">
    </testcase>
    <testcase classname="core/utilities/strings removeWhitespace() should return an empty string when input is default" name="core/utilities/strings removeWhitespace() should return an empty string when input is default" time="0.001">
    </testcase>
  </testsuite>
  <testsuite name="core/middlewares/effects/bff/helpers" errors="0" failures="0" skipped="0" timestamp="2024-05-27T22:27:00" time="1.277" tests="3">
    <testcase classname="core/middlewares/effects/bff/helpers getResource() should throw when is not a valid action type" name="core/middlewares/effects/bff/helpers getResource() should throw when is not a valid action type" time="0.016">
    </testcase>
    <testcase classname="core/middlewares/effects/bff/helpers getResource() should return vdf cycle endpoint" name="core/middlewares/effects/bff/helpers getResource() should return vdf cycle endpoint" time="0.001">
    </testcase>
    <testcase classname="core/middlewares/effects/bff/helpers getResource() should return change cycle endpoint" name="core/middlewares/effects/bff/helpers getResource() should return change cycle endpoint" time="0.001">
    </testcase>
  </testsuite>
  <testsuite name="core/use-cases/showcases/selectors" errors="0" failures="0" skipped="0" timestamp="2024-05-27T22:27:00" time="1.624" tests="2">
    <testcase classname="core/use-cases/showcases/selectors useShowcasesAvailableSelector() Should return available showcases data" name="core/use-cases/showcases/selectors useShowcasesAvailableSelector() Should return available showcases data" time="0.012">
    </testcase>
    <testcase classname="core/use-cases/showcases/selectors useShowcasesSelector() Should return formatted showcases data" name="core/use-cases/showcases/selectors useShowcasesSelector() Should return formatted showcases data" time="0.003">
    </testcase>
  </testsuite>
  <testsuite name="resetProducts" errors="0" failures="0" skipped="0" timestamp="2024-05-27T22:27:01" time="1.148" tests="4">
    <testcase classname="resetProducts should reset showcases for home view with available showcases" name="resetProducts should reset showcases for home view with available showcases" time="0.002">
    </testcase>
    <testcase classname="resetProducts should reset products for department view" name="resetProducts should reset products for department view" time="0.001">
    </testcase>
    <testcase classname="resetProducts should reset products for tag search" name="resetProducts should reset products for tag search" time="0">
    </testcase>
    <testcase classname="resetProducts should reset products for product search" name="resetProducts should reset products for product search" time="0.001">
    </testcase>
  </testsuite>
  <testsuite name="Endpoints Mapper" errors="0" failures="0" skipped="0" timestamp="2024-05-27T22:27:01" time="1.153" tests="26">
    <testcase classname="Endpoints Mapper cartItemUpdate enpoint" name="Endpoints Mapper cartItemUpdate enpoint" time="0.003">
    </testcase>
    <testcase classname="Endpoints Mapper cartSetCoupon enpoint" name="Endpoints Mapper cartSetCoupon enpoint" time="0.001">
    </testcase>
    <testcase classname="Endpoints Mapper campaignGet enpoint" name="Endpoints Mapper campaignGet enpoint" time="0">
    </testcase>
    <testcase classname="Endpoints Mapper campaignItemUpdate enpoint" name="Endpoints Mapper campaignItemUpdate enpoint" time="0">
    </testcase>
    <testcase classname="Endpoints Mapper comboGet enpoint" name="Endpoints Mapper comboGet enpoint" time="0.001">
    </testcase>
    <testcase classname="Endpoints Mapper comboPost enpoint" name="Endpoints Mapper comboPost enpoint" time="0">
    </testcase>
    <testcase classname="Endpoints Mapper paymentMethodsGet enpoint" name="Endpoints Mapper paymentMethodsGet enpoint" time="0">
    </testcase>
    <testcase classname="Endpoints Mapper paymentDetailsSet enpoint" name="Endpoints Mapper paymentDetailsSet enpoint" time="0">
    </testcase>
    <testcase classname="Endpoints Mapper orderCreate enpoint" name="Endpoints Mapper orderCreate enpoint" time="0.001">
    </testcase>
    <testcase classname="Endpoints Mapper orderGet enpoint" name="Endpoints Mapper orderGet enpoint" time="0">
    </testcase>
    <testcase classname="Endpoints Mapper userBuyIntention enpoint" name="Endpoints Mapper userBuyIntention enpoint" time="0.001">
    </testcase>
    <testcase classname="Endpoints Mapper processGet enpoint" name="Endpoints Mapper processGet enpoint" time="0">
    </testcase>
    <testcase classname="Endpoints Mapper promotionFetch enpoint" name="Endpoints Mapper promotionFetch enpoint" time="0">
    </testcase>
    <testcase classname="Endpoints Mapper isHybridCart = true cartItemUpdate enpoint" name="Endpoints Mapper isHybridCart = true cartItemUpdate enpoint" time="0.001">
    </testcase>
    <testcase classname="Endpoints Mapper isHybridCart = true cartSetCoupon enpoint" name="Endpoints Mapper isHybridCart = true cartSetCoupon enpoint" time="0">
    </testcase>
    <testcase classname="Endpoints Mapper isHybridCart = true campaignGet enpoint" name="Endpoints Mapper isHybridCart = true campaignGet enpoint" time="0">
    </testcase>
    <testcase classname="Endpoints Mapper isHybridCart = true campaignItemUpdate enpoint" name="Endpoints Mapper isHybridCart = true campaignItemUpdate enpoint" time="0">
    </testcase>
    <testcase classname="Endpoints Mapper isHybridCart = true comboGet enpoint" name="Endpoints Mapper isHybridCart = true comboGet enpoint" time="0">
    </testcase>
    <testcase classname="Endpoints Mapper isHybridCart = true comboPost enpoint" name="Endpoints Mapper isHybridCart = true comboPost enpoint" time="0.001">
    </testcase>
    <testcase classname="Endpoints Mapper isHybridCart = true paymentMethodsGet enpoint" name="Endpoints Mapper isHybridCart = true paymentMethodsGet enpoint" time="0">
    </testcase>
    <testcase classname="Endpoints Mapper isHybridCart = true paymentDetailsSet enpoint" name="Endpoints Mapper isHybridCart = true paymentDetailsSet enpoint" time="0.003">
    </testcase>
    <testcase classname="Endpoints Mapper isHybridCart = true orderCreate enpoint" name="Endpoints Mapper isHybridCart = true orderCreate enpoint" time="0.001">
    </testcase>
    <testcase classname="Endpoints Mapper isHybridCart = true orderGet enpoint" name="Endpoints Mapper isHybridCart = true orderGet enpoint" time="0">
    </testcase>
    <testcase classname="Endpoints Mapper isHybridCart = true userBuyIntention enpoint" name="Endpoints Mapper isHybridCart = true userBuyIntention enpoint" time="0">
    </testcase>
    <testcase classname="Endpoints Mapper isHybridCart = true processGet enpoint" name="Endpoints Mapper isHybridCart = true processGet enpoint" time="0">
    </testcase>
    <testcase classname="Endpoints Mapper isHybridCart = true promotionFetch enpoint" name="Endpoints Mapper isHybridCart = true promotionFetch enpoint" time="0.001">
    </testcase>
  </testsuite>
  <testsuite name="core/utilities/helpers" errors="0" failures="0" skipped="0" timestamp="2024-05-27T22:27:01" time="1.117" tests="4">
    <testcase classname="core/utilities/helpers presenterStatus() should return presenter status when RUNNING" name="core/utilities/helpers presenterStatus() should return presenter status when RUNNING" time="0.002">
    </testcase>
    <testcase classname="core/utilities/helpers presenterStatus() should return presenter status when ERROR" name="core/utilities/helpers presenterStatus() should return presenter status when ERROR" time="0">
    </testcase>
    <testcase classname="core/utilities/helpers presenterStatus() should return presenter status when SUCCESS" name="core/utilities/helpers presenterStatus() should return presenter status when SUCCESS" time="0.001">
    </testcase>
    <testcase classname="core/utilities/helpers presenterStatus() should return presenter status when IDLE" name="core/utilities/helpers presenterStatus() should return presenter status when IDLE" time="0">
    </testcase>
  </testsuite>
  <testsuite name="core/utilities/strings" errors="0" failures="0" skipped="0" timestamp="2024-05-27T22:27:02" time="1.189" tests="1">
    <testcase classname="core/utilities/strings cleanupHTML() should return a clean string" name="core/utilities/strings cleanupHTML() should return a clean string" time="0.004">
    </testcase>
  </testsuite>
  <testsuite name="core/utilities/strings" errors="0" failures="0" skipped="0" timestamp="2024-05-27T22:27:02" time="0.999" tests="2">
    <testcase classname="core/utilities/strings keysToCamelCase() should return an object empty" name="core/utilities/strings keysToCamelCase() should return an object empty" time="0.002">
    </testcase>
    <testcase classname="core/utilities/strings keysToCamelCase() should return an object with keys in camelCase" name="core/utilities/strings keysToCamelCase() should return an object with keys in camelCase" time="0.001">
    </testcase>
  </testsuite>
  <testsuite name="core/utilities/auth" errors="0" failures="0" skipped="0" timestamp="2024-05-27T22:27:02" time="1.015" tests="4">
    <testcase classname="core/utilities/auth getAccessToken() should return an empty string when there is no url hash" name="core/utilities/auth getAccessToken() should return an empty string when there is no url hash" time="0.002">
    </testcase>
    <testcase classname="core/utilities/auth getAccessToken() should return token from url hash" name="core/utilities/auth getAccessToken() should return token from url hash" time="0">
    </testcase>
    <testcase classname="core/utilities/auth hasAccessToken() should return false if has no url hash" name="core/utilities/auth hasAccessToken() should return false if has no url hash" time="0.001">
    </testcase>
    <testcase classname="core/utilities/auth hasAccessToken() should return true if has an url hash" name="core/utilities/auth hasAccessToken() should return true if has an url hash" time="0">
    </testcase>
  </testsuite>
  <testsuite name="Component: &lt;Image /&gt;" errors="0" failures="0" skipped="0" timestamp="2024-05-27T22:27:02" time="0.932" tests="5">
    <testcase classname="Component: &lt;Image /&gt; &lt;Image /&gt; should render &lt;Image /&gt; component properly" name="Component: &lt;Image /&gt; &lt;Image /&gt; should render &lt;Image /&gt; component properly" time="0.025">
    </testcase>
    <testcase classname="Component: &lt;Image /&gt; &lt;Figure /&gt; should render &lt;Figure /&gt; component properly without caption" name="Component: &lt;Image /&gt; &lt;Figure /&gt; should render &lt;Figure /&gt; component properly without caption" time="0.006">
    </testcase>
    <testcase classname="Component: &lt;Image /&gt; &lt;Figure /&gt; should render &lt;Figure /&gt; component properly with caption" name="Component: &lt;Image /&gt; &lt;Figure /&gt; should render &lt;Figure /&gt; component properly with caption" time="0.005">
    </testcase>
    <testcase classname="Component: &lt;Image /&gt; &lt;Picture /&gt; should render &lt;Picture /&gt; component properly" name="Component: &lt;Image /&gt; &lt;Picture /&gt; should render &lt;Picture /&gt; component properly" time="0.004">
    </testcase>
    <testcase classname="Component: &lt;Image /&gt; &lt;Picture /&gt; Should render image error" name="Component: &lt;Image /&gt; &lt;Picture /&gt; Should render image error" time="0.006">
    </testcase>
  </testsuite>
</testsuites>
